build/intermediates/manifest_merge_blame_file/debug/manifest-merger-blame-debug-report.txt
1<?xml version="1.0" encoding="utf-8"?>
2<manifest xmlns:android="http://schemas.android.com/apk/res/android"
3    package="com.bflb.game"
4    android:versionCode="1"
5    android:versionName="1.0" >
6
7    <uses-sdk
8        android:minSdkVersion="9"
8-->bflb\android\AndroidManifest.xml
9        android:targetSdkVersion="28" />
9-->bflb\android\AndroidManifest.xml
10
11    <uses-permission android:name="android.permission.INTERNET" />
11-->bflb\android\AndroidManifest.xml:5:5-66
11-->bflb\android\AndroidManifest.xml:5:22-64
12    <uses-permission android:name="android.permission.ACCESS_NETWORK_STATE" />
12-->bflb\android\AndroidManifest.xml:6:5-78
12-->bflb\android\AndroidManifest.xml:6:22-76
13
14    <application
14-->bflb\android\AndroidManifest.xml:8:5-25:19
15        android:allowBackup="true"
15-->bflb\android\AndroidManifest.xml:9:9-35
16        android:appCategory="game"
16-->bflb\android\AndroidManifest.xml:12:9-35
17        android:debuggable="true"
18        android:icon="@drawable/ic_launcher"
18-->bflb\android\AndroidManifest.xml:10:9-45
19        android:isGame="true"
19-->bflb\android\AndroidManifest.xml:11:9-30
20        android:label="@string/app_name"
20-->bflb\android\AndroidManifest.xml:13:9-41
21        android:testOnly="true"
22        android:theme="@style/GdxTheme" >
22-->bflb\android\AndroidManifest.xml:14:9-40
23        <activity
23-->bflb\android\AndroidManifest.xml:15:9-24:20
24            android:name="com.bflb.game.AndroidLauncher"
24-->bflb\android\AndroidManifest.xml:16:13-57
25            android:configChanges="keyboard|keyboardHidden|navigation|orientation|screenSize|screenLayout"
25-->bflb\android\AndroidManifest.xml:19:13-107
26            android:label="@string/app_name"
26-->bflb\android\AndroidManifest.xml:17:13-45
27            android:screenOrientation="portrait" >
27-->bflb\android\AndroidManifest.xml:18:13-49
28            <intent-filter>
28-->bflb\android\AndroidManifest.xml:20:13-23:29
29                <action android:name="android.intent.action.MAIN" />
29-->bflb\android\AndroidManifest.xml:21:17-69
29-->bflb\android\AndroidManifest.xml:21:25-66
30
31                <category android:name="android.intent.category.LAUNCHER" />
31-->bflb\android\AndroidManifest.xml:22:17-77
31-->bflb\android\AndroidManifest.xml:22:27-74
32            </intent-filter>
33        </activity>
34    </application>
35
36</manifest>